Started by upstream project "[8mha:////4AaYez5B05/DqcbNnJIM66f+eNJ6o1/KHNq62zGBF9WvAAAAnh+LCAAAAAAAAP9b85aBtbiIQTGjNKU4P08vOT+vOD8nVc83PyU1x6OyILUoJzMv2y+/JJUBAhiZGBgqihhk0NSjKDWzXb3RdlLBUSYGJk8GtpzUvPSSDB8G5tKinBIGIZ+sxLJE/ZzEvHT94JKizLx0a6BxUmjGOUNodHsLgAzeEgZh/az8JP2CzIJUoI2p8Smpufn6ALRmgGHIAAAA[0mpipeline_demo" build number [8mha:////4IeP141D4fMT1sQO3bxHgg8dhwi9wny5rBAjSlpYGT09AAAAoB+LCAAAAAAAAP9b85aBtbiIQTGjNKU4P08vOT+vOD8nVc83PyU1x6OyILUoJzMv2y+/JJUBAhiZGBgqihhk0NSjKDWzXb3RdlLBUSYGJk8GtpzUvPSSDB8G5tKinBIGIZ+sxLJE/ZzEvHT94JKizLx0a6BxUmjGOUNodHsLgAymEgZR/az8JP2CzIJUoI2p8Smpufn6pqYApO+JAcoAAAA=[0m55
originally caused by:
 Started by user [8mha:////4DMiJ/sxX9niFSA9EoOwRsD6ydMlhdx4oKk6D7Mq9RrXAAAAnx+LCAAAAAAAAP9b85aBtbiIQTGjNKU4P08vOT+vOD8nVc83PyU1x6OyILUoJzMv2y+/JJUBAhiZGBgqihhk0NSjKDWzXb3RdlLBUSYGJk8GtpzUvPSSDB8G5tKinBIGIZ+sxLJE/ZzEvHT94JKizLx0a6BxUmjGOUNodHsLgAyeEgZh/dLi1CL9xJTczLzM4pKixJL8IgDhw042yAAAAA==[0mAurotech inc
Building in workspace /var/lib/jenkins/workspace/Deploy_Jar
Deploying /var/lib/jenkins/workspace/Deploy_Jar/target/cucumber-java-skeleton-0.0.1.jar to container Tomcat 7.x Remote with context cucumber-java-skeleton
ERROR: Build step failed with exception
[8mha:////4EeeJrKwNBlJ6l6ilR80QxCShjvKs9Lhdp46J+izczcbAAAAVx+LCAAAAAAAAP9b85aBtbiIQSmjNKU4P08vOT+vOD8nVc8DzHWtSE4tKMnMz/PLL0mV3NWzufebKBsTA0NFEYMUmgZnCA1SyAABjCCFBQC2xNaiYAAAAA==[0mjava.lang.RuntimeException: Extension File Error.
	at hudson.plugins.deploy.CargoContainerAdapter.deploy(CargoContainerAdapter.java:82)
	at hudson.plugins.deploy.CargoContainerAdapter$DeployCallable.invoke(CargoContainerAdapter.java:147)
	at hudson.plugins.deploy.CargoContainerAdapter$DeployCallable.invoke(CargoContainerAdapter.java:117)
	at hudson.FilePath.act(FilePath.java:997)
	at hudson.FilePath.act(FilePath.java:975)
	at hudson.plugins.deploy.CargoContainerAdapter.redeploy(CargoContainerAdapter.java:114)
	at hudson.plugins.deploy.PasswordProtectedAdapterCargo.redeploy(PasswordProtectedAdapterCargo.java:93)
	at hudson.plugins.deploy.DeployPublisher.perform(DeployPublisher.java:64)
	at hudson.tasks.BuildStepMonitor$3.perform(BuildStepMonitor.java:45)
	at hudson.model.AbstractBuild$AbstractBuildExecution.perform(AbstractBuild.java:744)
	at hudson.model.AbstractBuild$AbstractBuildExecution.performAllBuildSteps(AbstractBuild.java:690)
	at hudson.model.Build$BuildExecution.post2(Build.java:186)
	at hudson.model.AbstractBuild$AbstractBuildExecution.post(AbstractBuild.java:635)
	at hudson.model.Run.execute(Run.java:1749)
	at hudson.model.FreeStyleBuild.run(FreeStyleBuild.java:43)
	at hudson.model.ResourceController.execute(ResourceController.java:97)
	at hudson.model.Executor.run(Executor.java:421)
Build step 'Deploy war/ear to a container' marked build as failure
Finished: FAILURE
